<?xml version="1.0" encoding="UTF-8"?>
<!-- Generated by org.testng.reporters.JUnitReportReporter -->
<testsuite skipped="0" hostname="DESKTOP-FI8D8C0" name="com.nearlk.qa.testcases.HomePageTest" tests="4" failures="0" timestamp="31 Oct 2019 08:52:27 GMT" time="16.181" errors="0">
  <testcase name="aboutTest" time="7.379" classname="com.nearlk.qa.testcases.HomePageTest"/>
  <testcase name="contactTest" time="4.595" classname="com.nearlk.qa.testcases.HomePageTest"/>
  <testcase name="tearDown" time="0.001" classname="com.nearlk.qa.testcases.HomePageTest"/>
  <testcase name="logoTest" time="4.206" classname="com.nearlk.qa.testcases.HomePageTest"/>
</testsuite> <!-- com.nearlk.qa.testcases.HomePageTest -->
